2023-08-24 18:57:26.518  INFO 3264 --- [restartedMain] com.bookapp.BookAppCrudDemoApplication   : Starting BookAppCrudDemoApplication on DESKTOP-I9U1ACP with PID 3264 (F:\STSWorkplace\book-app-crud-demo\target\classes started by Admin in F:\STSWorkplace\book-app-crud-demo)
2023-08-24 18:57:26.523  INFO 3264 --- [restartedMain] com.bookapp.BookAppCrudDemoApplication   : No active profile set, falling back to default profiles: default
2023-08-24 18:57:26.595  INFO 3264 --- [restartedMain] .e.DevToolsPropertyDefaultsPostProcessor : Devtools property defaults active! Set 'spring.devtools.add-properties' to 'false' to disable
2023-08-24 18:57:26.595  INFO 3264 --- [restartedMain] .e.DevToolsPropertyDefaultsPostProcessor : For additional web related logging consider setting the 'logging.level.web' property to 'DEBUG'
2023-08-24 18:57:27.996  INFO 3264 --- [restartedMain] .s.d.r.c.RepositoryConfigurationDelegate : Bootstrapping Spring Data JPA repositories in DEFERRED mode.
2023-08-24 18:57:28.064  INFO 3264 --- [restartedMain] .s.d.r.c.RepositoryConfigurationDelegate : Finished Spring Data repository scanning in 58ms. Found 1 JPA repository interfaces.
2023-08-24 18:57:29.089  INFO 3264 --- [restartedMain] o.s.b.w.embedded.tomcat.TomcatWebServer  : Tomcat initialized with port(s): 8080 (http)
2023-08-24 18:57:29.108  INFO 3264 --- [restartedMain] o.apache.catalina.core.StandardService   : Starting service [Tomcat]
2023-08-24 18:57:29.109  INFO 3264 --- [restartedMain] org.apache.catalina.core.StandardEngine  : Starting Servlet engine: [Apache Tomcat/9.0.37]
2023-08-24 18:57:29.255  INFO 3264 --- [restartedMain] o.a.c.c.C.[Tomcat].[localhost].[/]       : Initializing Spring embedded WebApplicationContext
2023-08-24 18:57:29.255  INFO 3264 --- [restartedMain] w.s.c.ServletWebServerApplicationContext : Root WebApplicationContext: initialization completed in 2660 ms
2023-08-24 18:57:29.739  INFO 3264 --- [restartedMain] o.s.s.concurrent.ThreadPoolTaskExecutor  : Initializing ExecutorService 'applicationTaskExecutor'
2023-08-24 18:57:29.788  INFO 3264 --- [task-1] o.hibernate.jpa.internal.util.LogHelper  : HHH000204: Processing PersistenceUnitInfo [name: default]
2023-08-24 18:57:29.853  INFO 3264 --- [task-1] org.hibernate.Version                    : HHH000412: Hibernate ORM core version 5.4.18.Final
2023-08-24 18:57:30.094  INFO 3264 --- [task-1] o.hibernate.annotations.common.Version   : HCANN000001: Hibernate Commons Annotations {5.1.0.Final}
2023-08-24 18:57:30.140  WARN 3264 --- [restartedMain] JpaBaseConfiguration$JpaWebConfiguration : spring.jpa.open-in-view is enabled by default. Therefore, database queries may be performed during view rendering. Explicitly configure spring.jpa.open-in-view to disable this warning
2023-08-24 18:57:30.245  INFO 3264 --- [task-1] com.zaxxer.hikari.HikariDataSource       : HikariPool-1 - Starting...
2023-08-24 18:57:30.616  INFO 3264 --- [restartedMain] o.s.b.a.e.web.EndpointLinksResolver      : Exposing 2 endpoint(s) beneath base path '/actuator'
2023-08-24 18:57:30.738  INFO 3264 --- [task-1] com.zaxxer.hikari.HikariDataSource       : HikariPool-1 - Start completed.
2023-08-24 18:57:30.833  INFO 3264 --- [task-1] org.hibernate.dialect.Dialect            : HHH000400: Using dialect: org.hibernate.dialect.MySQLDialect
2023-08-24 18:57:31.251  INFO 3264 --- [restartedMain] o.s.b.d.a.OptionalLiveReloadServer       : LiveReload server is running on port 35729
2023-08-24 18:57:32.243  INFO 3264 --- [task-1] o.h.e.t.j.p.i.JtaPlatformInitiator       : HHH000490: Using JtaPlatform implementation: [org.hibernate.engine.transaction.jta.platform.internal.NoJtaPlatform]
2023-08-24 18:57:32.250  INFO 3264 --- [task-1] j.LocalContainerEntityManagerFactoryBean : Initialized JPA EntityManagerFactory for persistence unit 'default'
2023-08-24 18:57:32.407  INFO 3264 --- [restartedMain] o.s.b.w.embedded.tomcat.TomcatWebServer  : Tomcat started on port(s): 8080 (http) with context path ''
2023-08-24 18:57:32.408  INFO 3264 --- [restartedMain] d.s.w.p.DocumentationPluginsBootstrapper : Context refreshed
2023-08-24 18:57:32.442  INFO 3264 --- [restartedMain] d.s.w.p.DocumentationPluginsBootstrapper : Found 1 custom documentation plugin(s)
2023-08-24 18:57:32.466  INFO 3264 --- [restartedMain] s.d.s.w.s.ApiListingReferenceScanner     : Scanning for api listing references
2023-08-24 18:57:32.536  INFO 3264 --- [http-nio-8080-exec-1] o.a.c.c.C.[Tomcat].[localhost].[/]       : Initializing Spring DispatcherServlet 'dispatcherServlet'
2023-08-24 18:57:32.536  INFO 3264 --- [http-nio-8080-exec-1] o.s.web.servlet.DispatcherServlet        : Initializing Servlet 'dispatcherServlet'
2023-08-24 18:57:32.548  INFO 3264 --- [http-nio-8080-exec-1] o.s.web.servlet.DispatcherServlet        : Completed initialization in 12 ms
2023-08-24 18:57:33.068  INFO 3264 --- [restartedMain] .d.s.w.r.o.CachingOperationNameGenerator : Generating unique operation named: handleUsingGET_1
2023-08-24 18:57:33.083  INFO 3264 --- [restartedMain] .d.s.w.r.o.CachingOperationNameGenerator : Generating unique operation named: handleUsingGET_2
2023-08-24 18:57:33.151  INFO 3264 --- [restartedMain] DeferredRepositoryInitializationListener : Triggering deferred initialization of Spring Data repositories…
2023-08-24 18:57:33.500  INFO 3264 --- [restartedMain] DeferredRepositoryInitializationListener : Spring Data repositories initialized!
2023-08-24 18:57:33.520  INFO 3264 --- [restartedMain] com.bookapp.BookAppCrudDemoApplication   : Started BookAppCrudDemoApplication in 7.519 seconds (JVM running for 8.159)
